Build started 28/04/2015 13:04:00.
     1>Project "F:\User Stuff\Documents\Visual Studio Projects\SEP Group Game\SEP Group Game\SEP Group Game.vcxproj" on node 2 (Rebuild target(s)).
     1>ClCompile:
         F:\Tools\Microsoft Visual Studio\VC\bin\CL.exe /c /I../include /ZI /nologo /W3 /WX- /Od /Oy- /D WIN32 /D _DEBUG /D _CONSOLE /D _UNICODE /D UNICODE /Gm /EHsc /RTC1 /MDd /GS /fp:precise /Zc:wchar_t /Zc:forScope /Fo"Debug\\" /Fd"Debug\vc110.pdb" /Gd /TP /analyze- /errorReport:prompt HighScore.cpp lootData.cpp main.cpp MainMenu.cpp MButton.cpp Spawner.cpp Splashscreen.cpp SpriteHandler.cpp StartScreen.cpp SystemManager.cpp TestEnemy.cpp
         TestEnemy.cpp
         SystemManager.cpp
         StartScreen.cpp
     1>f:\user stuff\documents\visual studio projects\sep group game\sep group game\startscreen.cpp(29): warning C4244: 'initializing' : conversion from 'float' to 'int', possible loss of data
         SpriteHandler.cpp
         Splashscreen.cpp
         Spawner.cpp
         MButton.cpp
         MainMenu.cpp
     1>f:\user stuff\documents\visual studio projects\sep group game\sep group game\mainmenu.cpp(49): warning C4244: 'initializing' : conversion from 'float' to 'int', possible loss of data
         main.cpp
         lootData.cpp
     1>f:\user stuff\documents\visual studio projects\sep group game\sep group game\lootdata.cpp(57): error C2065: 'i' : undeclared identifier
     1>f:\user stuff\documents\visual studio projects\sep group game\sep group game\lootdata.cpp(59): warning C4804: '<=' : unsafe use of type 'bool' in operation
     1>f:\user stuff\documents\visual studio projects\sep group game\sep group game\lootdata.cpp(63): warning C4804: '<=' : unsafe use of type 'bool' in operation
         HighScore.cpp
     1>f:\user stuff\documents\visual studio projects\sep group game\sep group game\highscore.cpp(47): warning C4244: 'initializing' : conversion from 'float' to 'int', possible loss of data
         Generating Code...
     1>Done Building Project "F:\User Stuff\Documents\Visual Studio Projects\SEP Group Game\SEP Group Game\SEP Group Game.vcxproj" (Rebuild target(s)) -- FAILED.

Build FAILED.

Time Elapsed 00:00:03.59
